running egg_info
creating ../../build/simple_nav_demo/simple_nav_demo.egg-info
writing ../../build/simple_nav_demo/simple_nav_demo.egg-info/PKG-INFO
writing dependency_links to ../../build/simple_nav_demo/simple_nav_demo.egg-info/dependency_links.txt
writing entry points to ../../build/simple_nav_demo/simple_nav_demo.egg-info/entry_points.txt
writing requirements to ../../build/simple_nav_demo/simple_nav_demo.egg-info/requires.txt
writing top-level names to ../../build/simple_nav_demo/simple_nav_demo.egg-info/top_level.txt
writing manifest file '../../build/simple_nav_demo/simple_nav_demo.egg-info/SOURCES.txt'
reading manifest file '../../build/simple_nav_demo/simple_nav_demo.egg-info/SOURCES.txt'
writing manifest file '../../build/simple_nav_demo/simple_nav_demo.egg-info/SOURCES.txt'
running build
running build_py
creating /home/subash/ros2_ws/build/simple_nav_demo/build
creating /home/subash/ros2_ws/build/simple_nav_demo/build/lib
creating /home/subash/ros2_ws/build/simple_nav_demo/build/lib/simple_nav_demo
copying simple_nav_demo/mission_node.py -> /home/subash/ros2_ws/build/simple_nav_demo/build/lib/simple_nav_demo
copying simple_nav_demo/navigator_node.py -> /home/subash/ros2_ws/build/simple_nav_demo/build/lib/simple_nav_demo
copying simple_nav_demo/__init__.py -> /home/subash/ros2_ws/build/simple_nav_demo/build/lib/simple_nav_demo
running install
running install_lib
creating /home/subash/ros2_ws/install/simple_nav_demo/lib/python3.10/site-packages/simple_nav_demo
copying /home/subash/ros2_ws/build/simple_nav_demo/build/lib/simple_nav_demo/mission_node.py -> /home/subash/ros2_ws/install/simple_nav_demo/lib/python3.10/site-packages/simple_nav_demo
copying /home/subash/ros2_ws/build/simple_nav_demo/build/lib/simple_nav_demo/navigator_node.py -> /home/subash/ros2_ws/install/simple_nav_demo/lib/python3.10/site-packages/simple_nav_demo
copying /home/subash/ros2_ws/build/simple_nav_demo/build/lib/simple_nav_demo/__init__.py -> /home/subash/ros2_ws/install/simple_nav_demo/lib/python3.10/site-packages/simple_nav_demo
byte-compiling /home/subash/ros2_ws/install/simple_nav_demo/lib/python3.10/site-packages/simple_nav_demo/mission_node.py to mission_node.cpython-310.pyc
byte-compiling /home/subash/ros2_ws/install/simple_nav_demo/lib/python3.10/site-packages/simple_nav_demo/navigator_node.py to navigator_node.cpython-310.pyc
byte-compiling /home/subash/ros2_ws/install/simple_nav_demo/lib/python3.10/site-packages/simple_nav_demo/__init__.py to __init__.cpython-310.pyc
running install_data
creating /home/subash/ros2_ws/install/simple_nav_demo/share/ament_index
creating /home/subash/ros2_ws/install/simple_nav_demo/share/ament_index/resource_index
creating /home/subash/ros2_ws/install/simple_nav_demo/share/ament_index/resource_index/packages
copying resource/simple_nav_demo -> /home/subash/ros2_ws/install/simple_nav_demo/share/ament_index/resource_index/packages
copying package.xml -> /home/subash/ros2_ws/install/simple_nav_demo/share/simple_nav_demo
running install_egg_info
Copying ../../build/simple_nav_demo/simple_nav_demo.egg-info to /home/subash/ros2_ws/install/simple_nav_demo/lib/python3.10/site-packages/simple_nav_demo-0.0.0-py3.10.egg-info
running install_scripts
writing list of installed files to '/home/subash/ros2_ws/build/simple_nav_demo/install.log'
