[0.374s] Invoking command in '/home/subash/ros2_ws/src/simple_nav_demo': PYTHONPATH=/home/subash/ros2_ws/build/simple_nav_demo/prefix_override:/usr/lib/python3/dist-packages/colcon_core/task/python/colcon_distutils_commands:/home/subash/ros2_ws/install/simple_nav_demo/lib/python3.10/site-packages:${PYTHONPATH} /usr/bin/python3 -W ignore:setup.py install is deprecated -W ignore:easy_install command is deprecated setup.py egg_info --egg-base ../../build/simple_nav_demo build --build-base /home/subash/ros2_ws/build/simple_nav_demo/build install --record /home/subash/ros2_ws/build/simple_nav_demo/install.log --single-version-externally-managed install_data
[0.515s] running egg_info
[0.515s] creating ../../build/simple_nav_demo/simple_nav_demo.egg-info
[0.516s] writing ../../build/simple_nav_demo/simple_nav_demo.egg-info/PKG-INFO
[0.516s] writing dependency_links to ../../build/simple_nav_demo/simple_nav_demo.egg-info/dependency_links.txt
[0.516s] writing entry points to ../../build/simple_nav_demo/simple_nav_demo.egg-info/entry_points.txt
[0.516s] writing requirements to ../../build/simple_nav_demo/simple_nav_demo.egg-info/requires.txt
[0.516s] writing top-level names to ../../build/simple_nav_demo/simple_nav_demo.egg-info/top_level.txt
[0.516s] writing manifest file '../../build/simple_nav_demo/simple_nav_demo.egg-info/SOURCES.txt'
[0.517s] reading manifest file '../../build/simple_nav_demo/simple_nav_demo.egg-info/SOURCES.txt'
[0.517s] writing manifest file '../../build/simple_nav_demo/simple_nav_demo.egg-info/SOURCES.txt'
[0.517s] running build
[0.517s] running build_py
[0.517s] creating /home/subash/ros2_ws/build/simple_nav_demo/build
[0.518s] creating /home/subash/ros2_ws/build/simple_nav_demo/build/lib
[0.518s] creating /home/subash/ros2_ws/build/simple_nav_demo/build/lib/simple_nav_demo
[0.518s] copying simple_nav_demo/mission_node.py -> /home/subash/ros2_ws/build/simple_nav_demo/build/lib/simple_nav_demo
[0.518s] copying simple_nav_demo/navigator_node.py -> /home/subash/ros2_ws/build/simple_nav_demo/build/lib/simple_nav_demo
[0.518s] copying simple_nav_demo/__init__.py -> /home/subash/ros2_ws/build/simple_nav_demo/build/lib/simple_nav_demo
[0.518s] running install
[0.518s] running install_lib
[0.519s] creating /home/subash/ros2_ws/install/simple_nav_demo/lib/python3.10/site-packages/simple_nav_demo
[0.519s] copying /home/subash/ros2_ws/build/simple_nav_demo/build/lib/simple_nav_demo/mission_node.py -> /home/subash/ros2_ws/install/simple_nav_demo/lib/python3.10/site-packages/simple_nav_demo
[0.519s] copying /home/subash/ros2_ws/build/simple_nav_demo/build/lib/simple_nav_demo/navigator_node.py -> /home/subash/ros2_ws/install/simple_nav_demo/lib/python3.10/site-packages/simple_nav_demo
[0.519s] copying /home/subash/ros2_ws/build/simple_nav_demo/build/lib/simple_nav_demo/__init__.py -> /home/subash/ros2_ws/install/simple_nav_demo/lib/python3.10/site-packages/simple_nav_demo
[0.519s] byte-compiling /home/subash/ros2_ws/install/simple_nav_demo/lib/python3.10/site-packages/simple_nav_demo/mission_node.py to mission_node.cpython-310.pyc
[0.520s] byte-compiling /home/subash/ros2_ws/install/simple_nav_demo/lib/python3.10/site-packages/simple_nav_demo/navigator_node.py to navigator_node.cpython-310.pyc
[0.520s] byte-compiling /home/subash/ros2_ws/install/simple_nav_demo/lib/python3.10/site-packages/simple_nav_demo/__init__.py to __init__.cpython-310.pyc
[0.520s] running install_data
[0.520s] creating /home/subash/ros2_ws/install/simple_nav_demo/share/ament_index
[0.520s] creating /home/subash/ros2_ws/install/simple_nav_demo/share/ament_index/resource_index
[0.520s] creating /home/subash/ros2_ws/install/simple_nav_demo/share/ament_index/resource_index/packages
[0.520s] copying resource/simple_nav_demo -> /home/subash/ros2_ws/install/simple_nav_demo/share/ament_index/resource_index/packages
[0.520s] copying package.xml -> /home/subash/ros2_ws/install/simple_nav_demo/share/simple_nav_demo
[0.520s] running install_egg_info
[0.521s] Copying ../../build/simple_nav_demo/simple_nav_demo.egg-info to /home/subash/ros2_ws/install/simple_nav_demo/lib/python3.10/site-packages/simple_nav_demo-0.0.0-py3.10.egg-info
[0.522s] running install_scripts
[0.537s] writing list of installed files to '/home/subash/ros2_ws/build/simple_nav_demo/install.log'
[0.555s] Invoked command in '/home/subash/ros2_ws/src/simple_nav_demo' returned '0': PYTHONPATH=/home/subash/ros2_ws/build/simple_nav_demo/prefix_override:/usr/lib/python3/dist-packages/colcon_core/task/python/colcon_distutils_commands:/home/subash/ros2_ws/install/simple_nav_demo/lib/python3.10/site-packages:${PYTHONPATH} /usr/bin/python3 -W ignore:setup.py install is deprecated -W ignore:easy_install command is deprecated setup.py egg_info --egg-base ../../build/simple_nav_demo build --build-base /home/subash/ros2_ws/build/simple_nav_demo/build install --record /home/subash/ros2_ws/build/simple_nav_demo/install.log --single-version-externally-managed install_data
