running egg_info
writing ../../build/simple_nav_demo/simple_nav_demo.egg-info/PKG-INFO
writing dependency_links to ../../build/simple_nav_demo/simple_nav_demo.egg-info/dependency_links.txt
writing entry points to ../../build/simple_nav_demo/simple_nav_demo.egg-info/entry_points.txt
writing requirements to ../../build/simple_nav_demo/simple_nav_demo.egg-info/requires.txt
writing top-level names to ../../build/simple_nav_demo/simple_nav_demo.egg-info/top_level.txt
reading manifest file '../../build/simple_nav_demo/simple_nav_demo.egg-info/SOURCES.txt'
writing manifest file '../../build/simple_nav_demo/simple_nav_demo.egg-info/SOURCES.txt'
running build
running build_py
running install
running install_lib
running install_data
running install_egg_info
removing '/home/subash/ros2_ws/install/simple_nav_demo/lib/python3.10/site-packages/simple_nav_demo-0.0.0-py3.10.egg-info' (and everything under it)
Copying ../../build/simple_nav_demo/simple_nav_demo.egg-info to /home/subash/ros2_ws/install/simple_nav_demo/lib/python3.10/site-packages/simple_nav_demo-0.0.0-py3.10.egg-info
running install_scripts
Installing mission_node script to /home/subash/ros2_ws/install/simple_nav_demo/lib/simple_nav_demo
Installing navigator_node script to /home/subash/ros2_ws/install/simple_nav_demo/lib/simple_nav_demo
writing list of installed files to '/home/subash/ros2_ws/build/simple_nav_demo/install.log'
