[0.375s] Invoking command in '/home/subash/ros2_ws/src/simple_nav_demo': PYTHONPATH=/home/subash/ros2_ws/build/simple_nav_demo/prefix_override:/usr/lib/python3/dist-packages/colcon_core/task/python/colcon_distutils_commands:/home/subash/ros2_ws/install/simple_nav_demo/lib/python3.10/site-packages:${PYTHONPATH} /usr/bin/python3 -W ignore:setup.py install is deprecated -W ignore:easy_install command is deprecated setup.py egg_info --egg-base ../../build/simple_nav_demo build --build-base /home/subash/ros2_ws/build/simple_nav_demo/build install --record /home/subash/ros2_ws/build/simple_nav_demo/install.log --single-version-externally-managed install_data
[0.519s] running egg_info
[0.520s] writing ../../build/simple_nav_demo/simple_nav_demo.egg-info/PKG-INFO
[0.520s] writing dependency_links to ../../build/simple_nav_demo/simple_nav_demo.egg-info/dependency_links.txt
[0.520s] writing entry points to ../../build/simple_nav_demo/simple_nav_demo.egg-info/entry_points.txt
[0.520s] writing requirements to ../../build/simple_nav_demo/simple_nav_demo.egg-info/requires.txt
[0.520s] writing top-level names to ../../build/simple_nav_demo/simple_nav_demo.egg-info/top_level.txt
[0.521s] reading manifest file '../../build/simple_nav_demo/simple_nav_demo.egg-info/SOURCES.txt'
[0.522s] writing manifest file '../../build/simple_nav_demo/simple_nav_demo.egg-info/SOURCES.txt'
[0.522s] running build
[0.522s] running build_py
[0.522s] running install
[0.522s] running install_lib
[0.523s] running install_data
[0.523s] running install_egg_info
[0.524s] removing '/home/subash/ros2_ws/install/simple_nav_demo/lib/python3.10/site-packages/simple_nav_demo-0.0.0-py3.10.egg-info' (and everything under it)
[0.524s] Copying ../../build/simple_nav_demo/simple_nav_demo.egg-info to /home/subash/ros2_ws/install/simple_nav_demo/lib/python3.10/site-packages/simple_nav_demo-0.0.0-py3.10.egg-info
[0.525s] running install_scripts
[0.540s] Installing mission_node script to /home/subash/ros2_ws/install/simple_nav_demo/lib/simple_nav_demo
[0.540s] Installing navigator_node script to /home/subash/ros2_ws/install/simple_nav_demo/lib/simple_nav_demo
[0.540s] writing list of installed files to '/home/subash/ros2_ws/build/simple_nav_demo/install.log'
[0.559s] Invoked command in '/home/subash/ros2_ws/src/simple_nav_demo' returned '0': PYTHONPATH=/home/subash/ros2_ws/build/simple_nav_demo/prefix_override:/usr/lib/python3/dist-packages/colcon_core/task/python/colcon_distutils_commands:/home/subash/ros2_ws/install/simple_nav_demo/lib/python3.10/site-packages:${PYTHONPATH} /usr/bin/python3 -W ignore:setup.py install is deprecated -W ignore:easy_install command is deprecated setup.py egg_info --egg-base ../../build/simple_nav_demo build --build-base /home/subash/ros2_ws/build/simple_nav_demo/build install --record /home/subash/ros2_ws/build/simple_nav_demo/install.log --single-version-externally-managed install_data
